<?xml version="1.0" encoding="UTF-8"?>
<!-- Generated by org.testng.reporters.JUnitXMLReporter -->
<testsuite hostname="kallu-PC" name="Test" tests="9" failures="5" timestamp="14 Jun 2019 05:25:26 GMT" time="530.425" errors="0">
  <testcase name="Slogin" time="21.967" classname="Onlineshoppingstore.SellerLogin"/>
  <testcase name="click" time="19.558" classname="Onlineshoppingstore.SellerLogin"/>
  <testcase name="Slogin" time="11.624" classname="Onlineshoppingstore.TC1"/>
  <testcase name="click" time="10.771" classname="Onlineshoppingstore.TC1"/>
  <testcase name="selectvalue" time="5.183" classname="Onlineshoppingstore.TC1">
    <failure type="java.io.FileNotFoundException" message="C:\Users\sai\Downloads\Dropdowns Expected (2).xlsx (The system cannot find the path specified)">
      <![CDATA[java.io.FileNotFoundException: C:\Users\sai\Downloads\Dropdowns Expected (2).xlsx (The system cannot find the path specified)
	at java.io.FileInputStream.open0(Native Method)
	at java.io.FileInputStream.open(FileInputStream.java:195)
	at java.io.FileInputStream.<init>(FileInputStream.java:138)
	at java.io.FileInputStream.<init>(FileInputStream.java:93)
	at Onlineshoppingstore.TC1.selectvalue(TC1.java:62)
... Removed 24 stack frames]]>
    </failure>
  </testcase> <!-- selectvalue -->
  <testcase name="selectstock" time="0.217" classname="Onlineshoppingstore.TC1">
    <failure type="java.io.FileNotFoundException" message="C:\Users\sai\Downloads\Dropdowns Expected (2).xlsx (The system cannot find the path specified)">
      <![CDATA[java.io.FileNotFoundException: C:\Users\sai\Downloads\Dropdowns Expected (2).xlsx (The system cannot find the path specified)
	at java.io.FileInputStream.open0(Native Method)
	at java.io.FileInputStream.open(FileInputStream.java:195)
	at java.io.FileInputStream.<init>(FileInputStream.java:138)
	at java.io.FileInputStream.<init>(FileInputStream.java:93)
	at Onlineshoppingstore.TC1.selectstock(TC1.java:97)
... Removed 24 stack frames]]>
    </failure>
  </testcase> <!-- selectstock -->
  <testcase name="data" time="96.529" classname="Onlineshoppingstore.TC1user">
    <failure type="org.openqa.selenium.WebDriverException" message="Element is not clickable at point (101.5, 49.5). Other element would receive the click: &amp;lt;img src=&amp;quot;http://webwaves.in/ecommerce/images/1557071003-lge.jpg&amp;quot; class=&amp;quot;img-responsive&amp;quot; style=&amp;quot;margin-top:-18px;padding: 0 0 3px 0;&amp;quot;&amp;gt;
Command duration or timeout: 323 milliseconds
Build info: version: &amp;apos;2.53.0&amp;apos;, revision: &amp;apos;35ae25b&amp;apos;, time: &amp;apos;2016-03-15 17:00:58&amp;apos;
System info: host: &amp;apos;kallu-PC&amp;apos;, ip: &amp;apos;192.168.0.3&amp;apos;, os.name: &amp;apos;Windows 7&amp;apos;, os.arch: &amp;apos;x86&amp;apos;, os.version: &amp;apos;6.1&amp;apos;, java.version: &amp;apos;1.8.0_191&amp;apos;
Driver info: org.openqa.selenium.firefox.FirefoxDriver
Capabilities [{applicationCacheEnabled=true, rotatable=false, handlesAlerts=true, databaseEnabled=true, version=46.0.1, platform=WINDOWS, nativeEvents=false, acceptSslCerts=true, webStorageEnabled=true, locationContextEnabled=true, browserName=firefox, takesScreenshot=true, javascriptEnabled=true, cssSelectorsEnabled=true}]
Session ID: cfb50c18-1756-4206-a648-03cc81b7df73">
      <![CDATA[org.openqa.selenium.WebDriverException: Element is not clickable at point (101.5, 49.5). Other element would receive the click: <img src="http://webwaves.in/ecommerce/images/1557071003-lge.jpg" class="img-responsive" style="margin-top:-18px;padding: 0 0 3px 0;">
Command duration or timeout: 323 milliseconds
Build info: version: '2.53.0', revision: '35ae25b', time: '2016-03-15 17:00:58'
System info: host: 'kallu-PC', ip: '192.168.0.3', os.name: 'Windows 7', os.arch: 'x86', os.version: '6.1', java.version: '1.8.0_191'
Driver info: org.openqa.selenium.firefox.FirefoxDriver
Capabilities [{applicationCacheEnabled=true, rotatable=false, handlesAlerts=true, databaseEnabled=true, version=46.0.1, platform=WINDOWS, nativeEvents=false, acceptSslCerts=true, webStorageEnabled=true, locationContextEnabled=true, browserName=firefox, takesScreenshot=true, javascriptEnabled=true, cssSelectorsEnabled=true}]
Session ID: cfb50c18-1756-4206-a648-03cc81b7df73
	at org.openqa.selenium.remote.ErrorHandler.createThrowable(ErrorHandler.java:206)
	at org.openqa.selenium.remote.ErrorHandler.throwIfResponseFailed(ErrorHandler.java:158)
	at org.openqa.selenium.remote.RemoteWebDriver.execute(RemoteWebDriver.java:678)
	at org.openqa.selenium.remote.RemoteWebElement.execute(RemoteWebElement.java:327)
	at org.openqa.selenium.remote.RemoteWebElement.click(RemoteWebElement.java:85)
	at Onlineshoppingstore.TC1user.data(TC1user.java:29)
... Removed 28 stack frames]]>
    </failure>
  </testcase> <!-- data -->
  <testcase name="getLinks" time="155.609" classname="Onlineshoppingstore.Links">
    <failure type="java.io.FileNotFoundException" message="C:\Users\kallu\Desktop\LinkText.xlsx (The process cannot access the file because it is being used by another process)">
      <![CDATA[java.io.FileNotFoundException: C:\Users\kallu\Desktop\LinkText.xlsx (The process cannot access the file because it is being used by another process)
	at java.io.FileOutputStream.open0(Native Method)
	at java.io.FileOutputStream.open(FileOutputStream.java:270)
	at java.io.FileOutputStream.<init>(FileOutputStream.java:213)
	at java.io.FileOutputStream.<init>(FileOutputStream.java:162)
	at Onlineshoppingstore.Links.getLinks(Links.java:57)
... Removed 24 stack frames]]>
    </failure>
  </testcase> <!-- getLinks -->
  <testcase name="getLinks" time="63.314" classname="Onlineshoppingstore.InvisibleLink">
    <failure type="org.openqa.selenium.WebDriverException" message="Failed to connect to binary FirefoxBinary(C:\Program Files\Mozilla Firefox\firefox.exe) on port 7059; process output follows: 
se,&amp;quot;appDisabled&amp;quot;:false,&amp;quot;descriptor&amp;quot;:&amp;quot;C:\\Program Files\\Mozilla Firefox\\browser\\features\\loop@mozilla.org.xpi&amp;quot;,&amp;quot;installDate&amp;quot;:1462246394000,&amp;quot;updateDate&amp;quot;:1462246394000,&amp;quot;applyBackgroundUpdates&amp;quot;:1,&amp;quot;bootstrap&amp;quot;:true,&amp;quot;skinnable&amp;quot;:false,&amp;quot;size&amp;quot;:4185303,&amp;quot;sourceURI&amp;quot;:null,&amp;quot;releaseNotesURI&amp;quot;:null,&amp;quot;softDisabled&amp;quot;:false,&amp;quot;foreignInstall&amp;quot;:false,&amp;quot;hasBinaryComponents&amp;quot;:false,&amp;quot;strictCompatibility&amp;quot;:false,&amp;quot;locales&amp;quot;:[],&amp;quot;targetApplications&amp;quot;:[{&amp;quot;id&amp;quot;:&amp;quot;{ec8030f7-c20a-464f-9b0e-13a3a9e97384}&amp;quot;,&amp;quot;minVersion&amp;quot;:&amp;quot;46.0a1&amp;quot;,&amp;quot;maxVersion&amp;quot;:&amp;quot;46.*&amp;quot;},{&amp;quot;id&amp;quot;:&amp;quot;xpcshell@tests.mozilla.org&amp;quot;,&amp;quot;minVersion&amp;quot;:&amp;quot;0&amp;quot;,&amp;quot;maxVersion&amp;quot;:&amp;quot;10&amp;quot;}],&amp;quot;targetPlatforms&amp;quot;:[],&amp;quot;multiprocessCompatible&amp;quot;:false,&amp;quot;seen&amp;quot;:true}
1560489887214	addons.xpi	DEBUG	getModTime: Recursive scan of loop@mozilla.org
1560489887215	addons.xpi	DEBUG	Updating XPIState for {&amp;quot;id&amp;quot;:&amp;quot;{972ce4c6-7e08-4474-a285-3208198ce6fd}&amp;quot;,&amp;quot;syncGUID&amp;quot;:&amp;quot;lPJWQ9E8Ftgl&amp;quot;,&amp;quot;location&amp;quot;:&amp;quot;app-global&amp;quot;,&amp;quot;version&amp;quot;:&amp;quot;46.0.1&amp;quot;,&amp;quot;type&amp;quot;:&amp;quot;theme&amp;quot;,&amp;quot;internalName&amp;quot;:&amp;quot;classic/1.0&amp;quot;,&amp;quot;updateURL&amp;quot;:null,&amp;quot;updateKey&amp;quot;:null,&amp;quot;optionsURL&amp;quot;:null,&amp;quot;optionsType&amp;quot;:null,&amp;quot;aboutURL&amp;quot;:null,&amp;quot;icons&amp;quot;:{&amp;quot;32&amp;quot;:&amp;quot;icon.png&amp;quot;,&amp;quot;48&amp;quot;:&amp;quot;icon.png&amp;quot;},&amp;quot;iconURL&amp;quot;:null,&amp;quot;icon64URL&amp;quot;:null,&amp;quot;defaultLocale&amp;quot;:{&amp;quot;name&amp;quot;:&amp;quot;Default&amp;quot;,&amp;quot;description&amp;quot;:&amp;quot;The default theme.&amp;quot;,&amp;quot;creator&amp;quot;:&amp;quot;Mozilla&amp;quot;,&amp;quot;homepageURL&amp;quot;:null,&amp;quot;contributors&amp;quot;:[&amp;quot;Mozilla Contributors&amp;quot;]},&amp;quot;visible&amp;quot;:true,&amp;quot;active&amp;quot;:true,&amp;quot;userDisabled&amp;quot;:false,&amp;quot;appDisabled&amp;quot;:false,&amp;quot;descriptor&amp;quot;:&amp;quot;C:\\Program Files\\Mozilla Firefox\\browser\\extensions\\{972ce4c6-7e08-4474-a285-3208198ce6fd}.xpi&amp;quot;,&amp;quot;installDate&amp;quot;:1462246394000,&amp;quot;updateDate&amp;quot;:1462246394000,&amp;quot;applyBackgroundUpdates&amp;quot;:1,&amp;quot;skinnable&amp;quot;:true,&amp;quot;size&amp;quot;:22012,&amp;quot;sourceURI&amp;quot;:null,&amp;quot;releaseNotesURI&amp;quot;:null,&amp;quot;softDisabled&amp;quot;:false,&amp;quot;foreignInstall&amp;quot;:false,&amp;quot;hasBinaryComponents&amp;quot;:false,&amp;quot;strictCompatibility&amp;quot;:true,&amp;quot;locales&amp;quot;:[],&amp;quot;targetApplications&amp;quot;:[{&amp;quot;id&amp;quot;:&amp;quot;{ec8030f7-c20a-464f-9b0e-13a3a9e97384}&amp;quot;,&amp;quot;minVersion&amp;quot;:&amp;quot;46.0.1&amp;quot;,&amp;quot;maxVersion&amp;quot;:&amp;quot;46.0.1&amp;quot;}],&amp;quot;targetPlatforms&amp;quot;:[],&amp;quot;seen&amp;quot;:true}
1560489887215	addons.xpi	DEBUG	getModTime: Recursive scan of {972ce4c6-7e08-4474-a285-3208198ce6fd}
1560489887217	DeferredSave.extensions.json	DEBUG	Save changes
1560489887218	addons.xpi	DEBUG	Updating database with changes to installed add-ons
1560489887218	addons.xpi-utils	DEBUG	Updating add-on states
1560489887220	addons.xpi-utils	DEBUG	Writing add-ons list
1560489887226	addons.xpi	DEBUG	Registering manifest for C:\Program Files\Mozilla Firefox\browser\features\e10srollout@mozilla.org.xpi
1560489887227	addons.xpi	DEBUG	Calling bootstrap method startup on e10srollout@mozilla.org version 1.0
1560489887227	addons.xpi	DEBUG	Registering manifest for C:\Program Files\Mozilla Firefox\browser\features\firefox@getpocket.com.xpi
1560489887228	addons.xpi	DEBUG	Calling bootstrap method startup on firefox@getpocket.com version 1.0
1560489887230	addons.xpi	DEBUG	Registering manifest for C:\Program Files\Mozilla Firefox\browser\features\loop@mozilla.org.xpi
1560489887232	addons.xpi	DEBUG	Calling bootstrap method startup on loop@mozilla.org version 1.2.6
1560489887562	addons.manager	DEBUG	Registering shutdown blocker for XPIProvider
1560489887562	addons.manager	DEBUG	Provider finished startup: XPIProvider
1560489887562	addons.manager	DEBUG	Starting provider: LightweightThemeManager
1560489887562	addons.manager	DEBUG	Registering shutdown blocker for LightweightThemeManager
1560489887563	addons.manager	DEBUG	Provider finished startup: LightweightThemeManager
1560489887563	addons.manager	DEBUG	Starting provider: GMPProvider
1560489887572	addons.manager	DEBUG	Registering shutdown blocker for GMPProvider
1560489887573	addons.manager	DEBUG	Provider finished startup: GMPProvider
1560489887573	addons.manager	DEBUG	Starting provider: PluginProvider
1560489887573	addons.manager	DEBUG	Registering shutdown blocker for PluginProvider
1560489887574	addons.manager	DEBUG	Provider finished startup: PluginProvider
1560489887574	addons.manager	DEBUG	Completed startup sequence
1560489905936	addons.manager	DEBUG	Starting provider: &amp;lt;unnamed-provider&amp;gt;
1560489905936	addons.manager	DEBUG	Registering shutdown blocker for &amp;lt;unnamed-provider&amp;gt;
1560489905936	addons.manager	DEBUG	Provider finished startup: &amp;lt;unnamed-provider&amp;gt;

Build info: version: &amp;apos;2.53.0&amp;apos;, revision: &amp;apos;35ae25b&amp;apos;, time: &amp;apos;2016-03-15 17:00:58&amp;apos;
System info: host: &amp;apos;kallu-PC&amp;apos;, ip: &amp;apos;192.168.0.3&amp;apos;, os.name: &amp;apos;Windows 7&amp;apos;, os.arch: &amp;apos;x86&amp;apos;, os.version: &amp;apos;6.1&amp;apos;, java.version: &amp;apos;1.8.0_191&amp;apos;
Driver info: driver.version: FirefoxDriver">
      <![CDATA[org.openqa.selenium.WebDriverException: Failed to connect to binary FirefoxBinary(C:\Program Files\Mozilla Firefox\firefox.exe) on port 7059; process output follows: 
se,"appDisabled":false,"descriptor":"C:\\Program Files\\Mozilla Firefox\\browser\\features\\loop@mozilla.org.xpi","installDate":1462246394000,"updateDate":1462246394000,"applyBackgroundUpdates":1,"bootstrap":true,"skinnable":false,"size":4185303,"sourceURI":null,"releaseNotesURI":null,"softDisabled":false,"foreignInstall":false,"hasBinaryComponents":false,"strictCompatibility":false,"locales":[],"targetApplications":[{"id":"{ec8030f7-c20a-464f-9b0e-13a3a9e97384}","minVersion":"46.0a1","maxVersion":"46.*"},{"id":"xpcshell@tests.mozilla.org","minVersion":"0","maxVersion":"10"}],"targetPlatforms":[],"multiprocessCompatible":false,"seen":true}
1560489887214	addons.xpi	DEBUG	getModTime: Recursive scan of loop@mozilla.org
1560489887215	addons.xpi	DEBUG	Updating XPIState for {"id":"{972ce4c6-7e08-4474-a285-3208198ce6fd}","syncGUID":"lPJWQ9E8Ftgl","location":"app-global","version":"46.0.1","type":"theme","internalName":"classic/1.0","updateURL":null,"updateKey":null,"optionsURL":null,"optionsType":null,"aboutURL":null,"icons":{"32":"icon.png","48":"icon.png"},"iconURL":null,"icon64URL":null,"defaultLocale":{"name":"Default","description":"The default theme.","creator":"Mozilla","homepageURL":null,"contributors":["Mozilla Contributors"]},"visible":true,"active":true,"userDisabled":false,"appDisabled":false,"descriptor":"C:\\Program Files\\Mozilla Firefox\\browser\\extensions\\{972ce4c6-7e08-4474-a285-3208198ce6fd}.xpi","installDate":1462246394000,"updateDate":1462246394000,"applyBackgroundUpdates":1,"skinnable":true,"size":22012,"sourceURI":null,"releaseNotesURI":null,"softDisabled":false,"foreignInstall":false,"hasBinaryComponents":false,"strictCompatibility":true,"locales":[],"targetApplications":[{"id":"{ec8030f7-c20a-464f-9b0e-13a3a9e97384}","minVersion":"46.0.1","maxVersion":"46.0.1"}],"targetPlatforms":[],"seen":true}
1560489887215	addons.xpi	DEBUG	getModTime: Recursive scan of {972ce4c6-7e08-4474-a285-3208198ce6fd}
1560489887217	DeferredSave.extensions.json	DEBUG	Save changes
1560489887218	addons.xpi	DEBUG	Updating database with changes to installed add-ons
1560489887218	addons.xpi-utils	DEBUG	Updating add-on states
1560489887220	addons.xpi-utils	DEBUG	Writing add-ons list
1560489887226	addons.xpi	DEBUG	Registering manifest for C:\Program Files\Mozilla Firefox\browser\features\e10srollout@mozilla.org.xpi
1560489887227	addons.xpi	DEBUG	Calling bootstrap method startup on e10srollout@mozilla.org version 1.0
1560489887227	addons.xpi	DEBUG	Registering manifest for C:\Program Files\Mozilla Firefox\browser\features\firefox@getpocket.com.xpi
1560489887228	addons.xpi	DEBUG	Calling bootstrap method startup on firefox@getpocket.com version 1.0
1560489887230	addons.xpi	DEBUG	Registering manifest for C:\Program Files\Mozilla Firefox\browser\features\loop@mozilla.org.xpi
1560489887232	addons.xpi	DEBUG	Calling bootstrap method startup on loop@mozilla.org version 1.2.6
1560489887562	addons.manager	DEBUG	Registering shutdown blocker for XPIProvider
1560489887562	addons.manager	DEBUG	Provider finished startup: XPIProvider
1560489887562	addons.manager	DEBUG	Starting provider: LightweightThemeManager
1560489887562	addons.manager	DEBUG	Registering shutdown blocker for LightweightThemeManager
1560489887563	addons.manager	DEBUG	Provider finished startup: LightweightThemeManager
1560489887563	addons.manager	DEBUG	Starting provider: GMPProvider
1560489887572	addons.manager	DEBUG	Registering shutdown blocker for GMPProvider
1560489887573	addons.manager	DEBUG	Provider finished startup: GMPProvider
1560489887573	addons.manager	DEBUG	Starting provider: PluginProvider
1560489887573	addons.manager	DEBUG	Registering shutdown blocker for PluginProvider
1560489887574	addons.manager	DEBUG	Provider finished startup: PluginProvider
1560489887574	addons.manager	DEBUG	Completed startup sequence
1560489905936	addons.manager	DEBUG	Starting provider: <unnamed-provider>
1560489905936	addons.manager	DEBUG	Registering shutdown blocker for <unnamed-provider>
1560489905936	addons.manager	DEBUG	Provider finished startup: <unnamed-provider>

Build info: version: '2.53.0', revision: '35ae25b', time: '2016-03-15 17:00:58'
System info: host: 'kallu-PC', ip: '192.168.0.3', os.name: 'Windows 7', os.arch: 'x86', os.version: '6.1', java.version: '1.8.0_191'
Driver info: driver.version: FirefoxDriver
	at org.openqa.selenium.firefox.internal.NewProfileExtensionConnection.start(NewProfileExtensionConnection.java:124)
	at org.openqa.selenium.firefox.FirefoxDriver.startClient(FirefoxDriver.java:271)
	at org.openqa.selenium.remote.RemoteWebDriver.<init>(RemoteWebDriver.java:119)
	at org.openqa.selenium.firefox.FirefoxDriver.<init>(FirefoxDriver.java:218)
	at org.openqa.selenium.firefox.FirefoxDriver.<init>(FirefoxDriver.java:211)
	at org.openqa.selenium.firefox.FirefoxDriver.<init>(FirefoxDriver.java:207)
	at org.openqa.selenium.firefox.FirefoxDriver.<init>(FirefoxDriver.java:120)
	at Onlineshoppingstore.InvisibleLink.getLinks(InvisibleLink.java:27)
Caused by: org.openqa.selenium.firefox.NotConnectedException: Unable to connect to host 127.0.0.1 on port 7059 after 45000 ms. Firefox console output:
se,"appDisabled":false,"descriptor":"C:\\Program Files\\Mozilla Firefox\\browser\\features\\loop@mozilla.org.xpi","installDate":1462246394000,"updateDate":1462246394000,"applyBackgroundUpdates":1,"bootstrap":true,"skinnable":false,"size":4185303,"sourceURI":null,"releaseNotesURI":null,"softDisabled":false,"foreignInstall":false,"hasBinaryComponents":false,"strictCompatibility":false,"locales":[],"targetApplications":[{"id":"{ec8030f7-c20a-464f-9b0e-13a3a9e97384}","minVersion":"46.0a1","maxVersion":"46.*"},{"id":"xpcshell@tests.mozilla.org","minVersion":"0","maxVersion":"10"}],"targetPlatforms":[],"multiprocessCompatible":false,"seen":true}
1560489887214	addons.xpi	DEBUG	getModTime: Recursive scan of loop@mozilla.org
1560489887215	addons.xpi	DEBUG	Updating XPIState for {"id":"{972ce4c6-7e08-4474-a285-3208198ce6fd}","syncGUID":"lPJWQ9E8Ftgl","location":"app-global","version":"46.0.1","type":"theme","internalName":"classic/1.0","updateURL":null,"updateKey":null,"optionsURL":null,"optionsType":null,"aboutURL":null,"icons":{"32":"icon.png","48":"icon.png"},"iconURL":null,"icon64URL":null,"defaultLocale":{"name":"Default","description":"The default theme.","creator":"Mozilla","homepageURL":null,"contributors":["Mozilla Contributors"]},"visible":true,"active":true,"userDisabled":false,"appDisabled":false,"descriptor":"C:\\Program Files\\Mozilla Firefox\\browser\\extensions\\{972ce4c6-7e08-4474-a285-3208198ce6fd}.xpi","installDate":1462246394000,"updateDate":1462246394000,"applyBackgroundUpdates":1,"skinnable":true,"size":22012,"sourceURI":null,"releaseNotesURI":null,"softDisabled":false,"foreignInstall":false,"hasBinaryComponents":false,"strictCompatibility":true,"locales":[],"targetApplications":[{"id":"{ec8030f7-c20a-464f-9b0e-13a3a9e97384}","minVersion":"46.0.1","maxVersion":"46.0.1"}],"targetPlatforms":[],"seen":true}
1560489887215	addons.xpi	DEBUG	getModTime: Recursive scan of {972ce4c6-7e08-4474-a285-3208198ce6fd}
1560489887217	DeferredSave.extensions.json	DEBUG	Save changes
1560489887218	addons.xpi	DEBUG	Updating database with changes to installed add-ons
1560489887218	addons.xpi-utils	DEBUG	Updating add-on states
1560489887220	addons.xpi-utils	DEBUG	Writing add-ons list
1560489887226	addons.xpi	DEBUG	Registering manifest for C:\Program Files\Mozilla Firefox\browser\features\e10srollout@mozilla.org.xpi
1560489887227	addons.xpi	DEBUG	Calling bootstrap method startup on e10srollout@mozilla.org version 1.0
1560489887227	addons.xpi	DEBUG	Registering manifest for C:\Program Files\Mozilla Firefox\browser\features\firefox@getpocket.com.xpi
1560489887228	addons.xpi	DEBUG	Calling bootstrap method startup on firefox@getpocket.com version 1.0
1560489887230	addons.xpi	DEBUG	Registering manifest for C:\Program Files\Mozilla Firefox\browser\features\loop@mozilla.org.xpi
1560489887232	addons.xpi	DEBUG	Calling bootstrap method startup on loop@mozilla.org version 1.2.6
1560489887562	addons.manager	DEBUG	Registering shutdown blocker for XPIProvider
1560489887562	addons.manager	DEBUG	Provider finished startup: XPIProvider
1560489887562	addons.manager	DEBUG	Starting provider: LightweightThemeManager
1560489887562	addons.manager	DEBUG	Registering shutdown blocker for LightweightThemeManager
1560489887563	addons.manager	DEBUG	Provider finished startup: LightweightThemeManager
1560489887563	addons.manager	DEBUG	Starting provider: GMPProvider
1560489887572	addons.manager	DEBUG	Registering shutdown blocker for GMPProvider
1560489887573	addons.manager	DEBUG	Provider finished startup: GMPProvider
1560489887573	addons.manager	DEBUG	Starting provider: PluginProvider
1560489887573	addons.manager	DEBUG	Registering shutdown blocker for PluginProvider
1560489887574	addons.manager	DEBUG	Provider finished startup: PluginProvider
1560489887574	addons.manager	DEBUG	Completed startup sequence
1560489905936	addons.manager	DEBUG	Starting provider: <unnamed-provider>
1560489905936	addons.manager	DEBUG	Registering shutdown blocker for <unnamed-provider>
1560489905936	addons.manager	DEBUG	Provider finished startup: <unnamed-provider>

	at org.openqa.selenium.firefox.internal.NewProfileExtensionConnection.start(NewProfileExtensionConnection.java:112)
	... 31 more
... Removed 24 stack frames]]>
    </failure>
  </testcase> <!-- getLinks -->
</testsuite> <!-- Test -->
